# JRE version: OpenJDK Runtime Environment Temurin-21.0.7+6 (21.0.7+6) (build 21.0.7+6-LTS)
# Java VM: OpenJDK 64-Bit Server VM Temurin-21.0.7+6 (21.0.7+6-LTS, mixed mode, sharing, tiered, compressed oops, compressed class ptrs, parallel gc, windows-amd64)
GC Precious Log:
 CardTable entry size: 512
 CPUs: 8 total, 8 available
 Memory: 7998M
 Large Page Support: Disabled
 NUMA Support: Disabled
 Compressed Oops: Enabled (32-bit)
 Alignments: Space 512K, Generation 512K, Heap 2M
 Heap Min Capacity: 100M
 Heap Initial Capacity: 100M
 Heap Max Capacity: 1G
 Pre-touch: Disabled
 Parallel Workers: 8
Heap:
 PSYoungGen      total 3584K, used 3196K [0x00000000eab00000, 0x00000000eaf80000, 0x0000000100000000)
  eden space 2560K, 100% used [0x00000000eab00000,0x00000000ead80000,0x00000000ead80000)
  from space 1024K, 62% used [0x00000000eae80000,0x00000000eaf1f1c8,0x00000000eaf80000)
  to   space 1024K, 56% used [0x00000000ead80000,0x00000000eae10000,0x00000000eae80000)
 ParOldGen       total 185344K, used 185033K [0x00000000c0000000, 0x00000000cb500000, 0x00000000eab00000)
  object space 185344K, 99% used [0x00000000c0000000,0x00000000cb4b24c0,0x00000000cb500000)
 Metaspace       used 59004K, committed 60480K, reserved 1114112K
  class space    used 6120K, committed 6784K, reserved 1048576K
GC Heap History (20 events):
Event: 13.836 GC heap after
{Heap after GC invocations=118 (full 3):
 PSYoungGen      total 4096K, used 821K [0x00000000eab00000, 0x00000000eb000000, 0x0000000100000000)
  eden space 3072K, 0% used [0x00000000eab00000,0x00000000eab00000,0x00000000eae00000)
  from space 1024K, 80% used [0x00000000eae00000,0x00000000eaecd530,0x00000000eaf00000)
  to   space 1024K, 0% used [0x00000000eaf00000,0x00000000eaf00000,0x00000000eb000000)
 ParOldGen       total 174592K, used 174422K [0x00000000c0000000, 0x00000000caa80000, 0x00000000eab00000)
  object space 174592K, 99% used [0x00000000c0000000,0x00000000caa55848,0x00000000caa80000)
 Metaspace       used 58517K, committed 59968K, reserved 1114112K
  class space    used 6055K, committed 6720K, reserved 1048576K
}
Event: 13.855 GC heap before
{Heap before GC invocations=119 (full 3):
 PSYoungGen      total 4096K, used 3893K [0x00000000eab00000, 0x00000000eb000000, 0x0000000100000000)
  eden space 3072K, 100% used [0x00000000eab00000,0x00000000eae00000,0x00000000eae00000)
  from space 1024K, 80% used [0x00000000eae00000,0x00000000eaecd530,0x00000000eaf00000)
  to   space 1024K, 0% used [0x00000000eaf00000,0x00000000eaf00000,0x00000000eb000000)
 ParOldGen       total 174592K, used 174422K [0x00000000c0000000, 0x00000000caa80000, 0x00000000eab00000)
  object space 174592K, 99% used [0x00000000c0000000,0x00000000caa55848,0x00000000caa80000)
 Metaspace       used 58530K, committed 59968K, reserved 1114112K
  class space    used 6055K, committed 6720K, reserved 1048576K
}
Event: 13.858 GC heap after
{Heap after GC invocations=119 (full 3):
 PSYoungGen      total 4096K, used 855K [0x00000000eab00000, 0x00000000eb000000, 0x0000000100000000)
  eden space 3072K, 0% used [0x00000000eab00000,0x00000000eab00000,0x00000000eae00000)
  from space 1024K, 83% used [0x00000000eaf00000,0x00000000eafd5d88,0x00000000eb000000)
  to   space 1024K, 0% used [0x00000000eae00000,0x00000000eae00000,0x00000000eaf00000)
 ParOldGen       total 175616K, used 175148K [0x00000000c0000000, 0x00000000cab80000, 0x00000000eab00000)
  object space 175616K, 99% used [0x00000000c0000000,0x00000000cab0b2b8,0x00000000cab80000)
 Metaspace       used 58530K, committed 59968K, reserved 1114112K
  class space    used 6055K, committed 6720K, reserved 1048576K
}
Event: 13.884 GC heap before
{Heap before GC invocations=120 (full 3):
 PSYoungGen      total 4096K, used 3927K [0x00000000eab00000, 0x00000000eb000000, 0x0000000100000000)
  eden space 3072K, 100% used [0x00000000eab00000,0x00000000eae00000,0x00000000eae00000)
  from space 1024K, 83% used [0x00000000eaf00000,0x00000000eafd5d88,0x00000000eb000000)
  to   space 1024K, 0% used [0x00000000eae00000,0x00000000eae00000,0x00000000eaf00000)
 ParOldGen       total 175616K, used 175148K [0x00000000c0000000, 0x00000000cab80000, 0x00000000eab00000)
  object space 175616K, 99% used [0x00000000c0000000,0x00000000cab0b2b8,0x00000000cab80000)
 Metaspace       used 58538K, committed 60032K, reserved 1114112K
  class space    used 6055K, committed 6720K, reserved 1048576K
}
Event: 13.886 GC heap after
{Heap after GC invocations=120 (full 3):
 PSYoungGen      total 4096K, used 800K [0x00000000eab00000, 0x00000000eb000000, 0x0000000100000000)
  eden space 3072K, 0% used [0x00000000eab00000,0x00000000eab00000,0x00000000eae00000)
  from space 1024K, 78% used [0x00000000eae00000,0x00000000eaec8000,0x00000000eaf00000)
  to   space 1024K, 0% used [0x00000000eaf00000,0x00000000eaf00000,0x00000000eb000000)
 ParOldGen       total 176128K, used 175853K [0x00000000c0000000, 0x00000000cac00000, 0x00000000eab00000)
  object space 176128K, 99% used [0x00000000c0000000,0x00000000cabbb4d8,0x00000000cac00000)
 Metaspace       used 58538K, committed 60032K, reserved 1114112K
  class space    used 6055K, committed 6720K, reserved 1048576K
}
Event: 13.912 GC heap before
{Heap before GC invocations=121 (full 3):
 PSYoungGen      total 4096K, used 3872K [0x00000000eab00000, 0x00000000eb000000, 0x0000000100000000)
  eden space 3072K, 100% used [0x00000000eab00000,0x00000000eae00000,0x00000000eae00000)
  from space 1024K, 78% used [0x00000000eae00000,0x00000000eaec8000,0x00000000eaf00000)
  to   space 1024K, 0% used [0x00000000eaf00000,0x00000000eaf00000,0x00000000eb000000)
 ParOldGen       total 176128K, used 175853K [0x00000000c0000000, 0x00000000cac00000, 0x00000000eab00000)
  object space 176128K, 99% used [0x00000000c0000000,0x00000000cabbb4d8,0x00000000cac00000)
 Metaspace       used 58538K, committed 60032K, reserved 1114112K
  class space    used 6055K, committed 6720K, reserved 1048576K
}
Event: 13.914 GC heap after
{Heap after GC invocations=121 (full 3):
 PSYoungGen      total 4096K, used 768K [0x00000000eab00000, 0x00000000eb000000, 0x0000000100000000)
  eden space 3072K, 0% used [0x00000000eab00000,0x00000000eab00000,0x00000000eae00000)
  from space 1024K, 75% used [0x00000000eaf00000,0x00000000eafc0000,0x00000000eb000000)
  to   space 1024K, 0% used [0x00000000eae00000,0x00000000eae00000,0x00000000eaf00000)
 ParOldGen       total 176640K, used 176524K [0x00000000c0000000, 0x00000000cac80000, 0x00000000eab00000)
  object space 176640K, 99% used [0x00000000c0000000,0x00000000cac633b0,0x00000000cac80000)
 Metaspace       used 58538K, committed 60032K, reserved 1114112K
  class space    used 6055K, committed 6720K, reserved 1048576K
}
Event: 13.937 GC heap before
{Heap before GC invocations=122 (full 3):
 PSYoungGen      total 4096K, used 3840K [0x00000000eab00000, 0x00000000eb000000, 0x0000000100000000)
  eden space 3072K, 100% used [0x00000000eab00000,0x00000000eae00000,0x00000000eae00000)
  from space 1024K, 75% used [0x00000000eaf00000,0x00000000eafc0000,0x00000000eb000000)
  to   space 1024K, 0% used [0x00000000eae00000,0x00000000eae00000,0x00000000eaf00000)
 ParOldGen       total 176640K, used 176524K [0x00000000c0000000, 0x00000000cac80000, 0x00000000eab00000)
  object space 176640K, 99% used [0x00000000c0000000,0x00000000cac633b0,0x00000000cac80000)
 Metaspace       used 58546K, committed 60032K, reserved 1114112K
  class space    used 6055K, committed 6720K, reserved 1048576K
}
Event: 13.939 GC heap after
{Heap after GC invocations=122 (full 3):
 PSYoungGen      total 4096K, used 817K [0x00000000eab00000, 0x00000000eb000000, 0x0000000100000000)
  eden space 3072K, 0% used [0x00000000eab00000,0x00000000eab00000,0x00000000eae00000)
  from space 1024K, 79% used [0x00000000eae00000,0x00000000eaecc4f8,0x00000000eaf00000)
  to   space 1024K, 0% used [0x00000000eaf00000,0x00000000eaf00000,0x00000000eb000000)
 ParOldGen       total 177664K, used 177186K [0x00000000c0000000, 0x00000000cad80000, 0x00000000eab00000)
  object space 177664K, 99% used [0x00000000c0000000,0x00000000cad08b50,0x00000000cad80000)
 Metaspace       used 58546K, committed 60032K, reserved 1114112K
  class space    used 6055K, committed 6720K, reserved 1048576K
}
Event: 13.962 GC heap before
{Heap before GC invocations=123 (full 3):
 PSYoungGen      total 4096K, used 3889K [0x00000000eab00000, 0x00000000eb000000, 0x0000000100000000)
  eden space 3072K, 99% used [0x00000000eab00000,0x00000000eadffff8,0x00000000eae00000)
  from space 1024K, 79% used [0x00000000eae00000,0x00000000eaecc4f8,0x00000000eaf00000)
  to   space 1024K, 0% used [0x00000000eaf00000,0x00000000eaf00000,0x00000000eb000000)
 ParOldGen       total 177664K, used 177186K [0x00000000c0000000, 0x00000000cad80000, 0x00000000eab00000)
  object space 177664K, 99% used [0x00000000c0000000,0x00000000cad08b50,0x00000000cad80000)
 Metaspace       used 58587K, committed 60032K, reserved 1114112K
  class space    used 6066K, committed 6720K, reserved 1048576K
}
Event: 13.964 GC heap after
{Heap after GC invocations=123 (full 3):
 PSYoungGen      total 3584K, used 992K [0x00000000eab00000, 0x00000000eb100000, 0x0000000100000000)
  eden space 2560K, 0% used [0x00000000eab00000,0x00000000eab00000,0x00000000ead80000)
  from space 1024K, 96% used [0x00000000eaf00000,0x00000000eaff83a8,0x00000000eb000000)
  to   space 1536K, 0% used [0x00000000ead80000,0x00000000ead80000,0x00000000eaf00000)
 ParOldGen       total 177664K, used 177562K [0x00000000c0000000, 0x00000000cad80000, 0x00000000eab00000)
  object space 177664K, 99% used [0x00000000c0000000,0x00000000cad66980,0x00000000cad80000)
 Metaspace       used 58587K, committed 60032K, reserved 1114112K
  class space    used 6066K, committed 6720K, reserved 1048576K
}
Event: 13.979 GC heap before
{Heap before GC invocations=124 (full 3):
 PSYoungGen      total 3584K, used 3552K [0x00000000eab00000, 0x00000000eb100000, 0x0000000100000000)
  eden space 2560K, 100% used [0x00000000eab00000,0x00000000ead80000,0x00000000ead80000)
  from space 1024K, 96% used [0x00000000eaf00000,0x00000000eaff83a8,0x00000000eb000000)
  to   space 1536K, 0% used [0x00000000ead80000,0x00000000ead80000,0x00000000eaf00000)
 ParOldGen       total 177664K, used 177562K [0x00000000c0000000, 0x00000000cad80000, 0x00000000eab00000)
  object space 177664K, 99% used [0x00000000c0000000,0x00000000cad66980,0x00000000cad80000)
 Metaspace       used 58678K, committed 60160K, reserved 1114112K
  class space    used 6073K, committed 6720K, reserved 1048576K
}
Event: 13.981 GC heap after
{Heap after GC invocations=124 (full 3):
 PSYoungGen      total 3584K, used 640K [0x00000000eab00000, 0x00000000eaf80000, 0x0000000100000000)
  eden space 2560K, 0% used [0x00000000eab00000,0x00000000eab00000,0x00000000ead80000)
  from space 1024K, 62% used [0x00000000ead80000,0x00000000eae20000,0x00000000eae80000)
  to   space 1024K, 0% used [0x00000000eae80000,0x00000000eae80000,0x00000000eaf80000)
 ParOldGen       total 178688K, used 178551K [0x00000000c0000000, 0x00000000cae80000, 0x00000000eab00000)
  object space 178688K, 99% used [0x00000000c0000000,0x00000000cae5df08,0x00000000cae80000)
 Metaspace       used 58678K, committed 60160K, reserved 1114112K
  class space    used 6073K, committed 6720K, reserved 1048576K
}
Event: 14.031 GC heap before
{Heap before GC invocations=125 (full 3):
 PSYoungGen      total 3584K, used 3200K [0x00000000eab00000, 0x00000000eaf80000, 0x0000000100000000)
  eden space 2560K, 100% used [0x00000000eab00000,0x00000000ead80000,0x00000000ead80000)
  from space 1024K, 62% used [0x00000000ead80000,0x00000000eae20000,0x00000000eae80000)
  to   space 1024K, 0% used [0x00000000eae80000,0x00000000eae80000,0x00000000eaf80000)
 ParOldGen       total 182272K, used 182007K [0x00000000c0000000, 0x00000000cb200000, 0x00000000eab00000)
  object space 182272K, 99% used [0x00000000c0000000,0x00000000cb1bdf10,0x00000000cb200000)
 Metaspace       used 58851K, committed 60288K, reserved 1114112K
  class space    used 6089K, committed 6720K, reserved 1048576K
}
Event: 14.034 GC heap after
{Heap after GC invocations=125 (full 3):
 PSYoungGen      total 3584K, used 520K [0x00000000eab00000, 0x00000000eaf80000, 0x0000000100000000)
  eden space 2560K, 0% used [0x00000000eab00000,0x00000000eab00000,0x00000000ead80000)
  from space 1024K, 50% used [0x00000000eae80000,0x00000000eaf02020,0x00000000eaf80000)
  to   space 1024K, 0% used [0x00000000ead80000,0x00000000ead80000,0x00000000eae80000)
 ParOldGen       total 182784K, used 182466K [0x00000000c0000000, 0x00000000cb280000, 0x00000000eab00000)
  object space 182784K, 99% used [0x00000000c0000000,0x00000000cb230bf0,0x00000000cb280000)
 Metaspace       used 58851K, committed 60288K, reserved 1114112K
  class space    used 6089K, committed 6720K, reserved 1048576K
}
Event: 14.084 GC heap before
{Heap before GC invocations=126 (full 3):
 PSYoungGen      total 3584K, used 3080K [0x00000000eab00000, 0x00000000eaf80000, 0x0000000100000000)
  eden space 2560K, 100% used [0x00000000eab00000,0x00000000ead80000,0x00000000ead80000)
  from space 1024K, 50% used [0x00000000eae80000,0x00000000eaf02020,0x00000000eaf80000)
  to   space 1024K, 0% used [0x00000000ead80000,0x00000000ead80000,0x00000000eae80000)
 ParOldGen       total 182784K, used 182466K [0x00000000c0000000, 0x00000000cb280000, 0x00000000eab00000)
  object space 182784K, 99% used [0x00000000c0000000,0x00000000cb230bf0,0x00000000cb280000)
 Metaspace       used 58939K, committed 60416K, reserved 1114112K
  class space    used 6109K, committed 6784K, reserved 1048576K
}
Event: 14.087 GC heap after
{Heap after GC invocations=126 (full 3):
 PSYoungGen      total 3584K, used 1011K [0x00000000eab00000, 0x00000000eb080000, 0x0000000100000000)
  eden space 2560K, 0% used [0x00000000eab00000,0x00000000eab00000,0x00000000ead80000)
  from space 1024K, 98% used [0x00000000ead80000,0x00000000eae7ccb0,0x00000000eae80000)
  to   space 1536K, 0% used [0x00000000eaf00000,0x00000000eaf00000,0x00000000eb080000)
 ParOldGen       total 182784K, used 182674K [0x00000000c0000000, 0x00000000cb280000, 0x00000000eab00000)
  object space 182784K, 99% used [0x00000000c0000000,0x00000000cb264bf0,0x00000000cb280000)
 Metaspace       used 58939K, committed 60416K, reserved 1114112K
  class space    used 6109K, committed 6784K, reserved 1048576K
}
Event: 14.107 GC heap before
{Heap before GC invocations=127 (full 3):
 PSYoungGen      total 3584K, used 3571K [0x00000000eab00000, 0x00000000eb080000, 0x0000000100000000)
  eden space 2560K, 100% used [0x00000000eab00000,0x00000000ead80000,0x00000000ead80000)
  from space 1024K, 98% used [0x00000000ead80000,0x00000000eae7ccb0,0x00000000eae80000)
  to   space 1536K, 0% used [0x00000000eaf00000,0x00000000eaf00000,0x00000000eb080000)
 ParOldGen       total 182784K, used 182674K [0x00000000c0000000, 0x00000000cb280000, 0x00000000eab00000)
  object space 182784K, 99% used [0x00000000c0000000,0x00000000cb264bf0,0x00000000cb280000)
 Metaspace       used 58961K, committed 60416K, reserved 1114112K
  class space    used 6112K, committed 6784K, reserved 1048576K
}
Event: 14.111 GC heap after
{Heap after GC invocations=127 (full 3):
 PSYoungGen      total 3584K, used 693K [0x00000000eab00000, 0x00000000eb000000, 0x0000000100000000)
  eden space 2560K, 0% used [0x00000000eab00000,0x00000000eab00000,0x00000000ead80000)
  from space 1024K, 67% used [0x00000000eaf00000,0x00000000eafad750,0x00000000eb000000)
  to   space 1024K, 0% used [0x00000000ead80000,0x00000000ead80000,0x00000000eae80000)
 ParOldGen       total 183808K, used 183461K [0x00000000c0000000, 0x00000000cb380000, 0x00000000eab00000)
  object space 183808K, 99% used [0x00000000c0000000,0x00000000cb3294a8,0x00000000cb380000)
 Metaspace       used 58961K, committed 60416K, reserved 1114112K
  class space    used 6112K, committed 6784K, reserved 1048576K
}
Event: 14.130 GC heap before
{Heap before GC invocations=128 (full 3):
 PSYoungGen      total 3584K, used 3253K [0x00000000eab00000, 0x00000000eb000000, 0x0000000100000000)
  eden space 2560K, 100% used [0x00000000eab00000,0x00000000ead80000,0x00000000ead80000)
  from space 1024K, 67% used [0x00000000eaf00000,0x00000000eafad750,0x00000000eb000000)
  to   space 1024K, 0% used [0x00000000ead80000,0x00000000ead80000,0x00000000eae80000)
 ParOldGen       total 183808K, used 183461K [0x00000000c0000000, 0x00000000cb380000, 0x00000000eab00000)
  object space 183808K, 99% used [0x00000000c0000000,0x00000000cb3294a8,0x00000000cb380000)
 Metaspace       used 58972K, committed 60416K, reserved 1114112K
  class space    used 6113K, committed 6784K, reserved 1048576K
}

