# JRE version: OpenJDK Runtime Environment Temurin-21.0.7+6 (21.0.7+6) (build 21.0.7+6-LTS)
# Java VM: OpenJDK 64-Bit Server VM Temurin-21.0.7+6 (21.0.7+6-LTS, mixed mode, sharing, tiered, compressed oops, compressed class ptrs, parallel gc, windows-amd64)
GC Precious Log:
 CardTable entry size: 512
 CPUs: 8 total, 8 available
 Memory: 7998M
 Large Page Support: Disabled
 NUMA Support: Disabled
 Compressed Oops: Enabled (32-bit)
 Alignments: Space 512K, Generation 512K, Heap 2M
 Heap Min Capacity: 100M
 Heap Initial Capacity: 100M
 Heap Max Capacity: 1G
 Pre-touch: Disabled
 Parallel Workers: 8
Heap:
 PSYoungGen      total 5120K, used 3970K [0x00000000eab00000, 0x00000000eb100000, 0x0000000100000000)
  eden space 4096K, 82% used [0x00000000eab00000,0x00000000eae50be0,0x00000000eaf00000)
  from space 1024K, 56% used [0x00000000eb000000,0x00000000eb090010,0x00000000eb100000)
  to   space 1024K, 0% used [0x00000000eaf00000,0x00000000eaf00000,0x00000000eb000000)
 ParOldGen       total 164864K, used 164858K [0x00000000c0000000, 0x00000000ca100000, 0x00000000eab00000)
  object space 164864K, 99% used [0x00000000c0000000,0x00000000ca0fe968,0x00000000ca100000)
 Metaspace       used 58174K, committed 59648K, reserved 1114112K
  class space    used 5992K, committed 6656K, reserved 1048576K
GC Heap History (20 events):
Event: 19.090 GC heap before
{Heap before GC invocations=112 (full 3):
 PSYoungGen      total 6656K, used 6640K [0x00000000eab00000, 0x00000000eb500000, 0x0000000100000000)
  eden space 4608K, 100% used [0x00000000eab00000,0x00000000eaf80000,0x00000000eaf80000)
  from space 2048K, 99% used [0x00000000eb200000,0x00000000eb3fc3f8,0x00000000eb400000)
  to   space 2560K, 0% used [0x00000000eaf80000,0x00000000eaf80000,0x00000000eb200000)
 ParOldGen       total 158208K, used 154158K [0x00000000c0000000, 0x00000000c9a80000, 0x00000000eab00000)
  object space 158208K, 97% used [0x00000000c0000000,0x00000000c968bbf0,0x00000000c9a80000)
 Metaspace       used 57715K, committed 59200K, reserved 1114112K
  class space    used 5929K, committed 6592K, reserved 1048576K
}
Event: 19.095 GC heap after
{Heap after GC invocations=112 (full 3):
 PSYoungGen      total 6144K, used 1157K [0x00000000eab00000, 0x00000000eb280000, 0x0000000100000000)
  eden space 4608K, 0% used [0x00000000eab00000,0x00000000eab00000,0x00000000eaf80000)
  from space 1536K, 75% used [0x00000000eaf80000,0x00000000eb0a1780,0x00000000eb100000)
  to   space 1536K, 0% used [0x00000000eb100000,0x00000000eb100000,0x00000000eb280000)
 ParOldGen       total 158208K, used 156109K [0x00000000c0000000, 0x00000000c9a80000, 0x00000000eab00000)
  object space 158208K, 98% used [0x00000000c0000000,0x00000000c9873638,0x00000000c9a80000)
 Metaspace       used 57715K, committed 59200K, reserved 1114112K
  class space    used 5929K, committed 6592K, reserved 1048576K
}
Event: 19.123 GC heap before
{Heap before GC invocations=113 (full 3):
 PSYoungGen      total 6144K, used 5765K [0x00000000eab00000, 0x00000000eb280000, 0x0000000100000000)
  eden space 4608K, 100% used [0x00000000eab00000,0x00000000eaf80000,0x00000000eaf80000)
  from space 1536K, 75% used [0x00000000eaf80000,0x00000000eb0a1780,0x00000000eb100000)
  to   space 1536K, 0% used [0x00000000eb100000,0x00000000eb100000,0x00000000eb280000)
 ParOldGen       total 158208K, used 156109K [0x00000000c0000000, 0x00000000c9a80000, 0x00000000eab00000)
  object space 158208K, 98% used [0x00000000c0000000,0x00000000c98736e8,0x00000000c9a80000)
 Metaspace       used 57754K, committed 59200K, reserved 1114112K
  class space    used 5940K, committed 6592K, reserved 1048576K
}
Event: 19.125 GC heap after
{Heap after GC invocations=113 (full 3):
 PSYoungGen      total 5120K, used 1504K [0x00000000eab00000, 0x00000000eb480000, 0x0000000100000000)
  eden space 3584K, 0% used [0x00000000eab00000,0x00000000eab00000,0x00000000eae80000)
  from space 1536K, 97% used [0x00000000eb100000,0x00000000eb2780b0,0x00000000eb280000)
  to   space 2560K, 0% used [0x00000000eae80000,0x00000000eae80000,0x00000000eb100000)
 ParOldGen       total 158208K, used 156826K [0x00000000c0000000, 0x00000000c9a80000, 0x00000000eab00000)
  object space 158208K, 99% used [0x00000000c0000000,0x00000000c99268e0,0x00000000c9a80000)
 Metaspace       used 57754K, committed 59200K, reserved 1114112K
  class space    used 5940K, committed 6592K, reserved 1048576K
}
Event: 19.153 GC heap before
{Heap before GC invocations=114 (full 3):
 PSYoungGen      total 5120K, used 5088K [0x00000000eab00000, 0x00000000eb480000, 0x0000000100000000)
  eden space 3584K, 100% used [0x00000000eab00000,0x00000000eae80000,0x00000000eae80000)
  from space 1536K, 97% used [0x00000000eb100000,0x00000000eb2780b0,0x00000000eb280000)
  to   space 2560K, 0% used [0x00000000eae80000,0x00000000eae80000,0x00000000eb100000)
 ParOldGen       total 158208K, used 156829K [0x00000000c0000000, 0x00000000c9a80000, 0x00000000eab00000)
  object space 158208K, 99% used [0x00000000c0000000,0x00000000c9927460,0x00000000c9a80000)
 Metaspace       used 57799K, committed 59264K, reserved 1114112K
  class space    used 5947K, committed 6592K, reserved 1048576K
}
Event: 19.156 GC heap after
{Heap after GC invocations=114 (full 3):
 PSYoungGen      total 5120K, used 1128K [0x00000000eab00000, 0x00000000eb180000, 0x0000000100000000)
  eden space 3584K, 0% used [0x00000000eab00000,0x00000000eab00000,0x00000000eae80000)
  from space 1536K, 73% used [0x00000000eae80000,0x00000000eaf9a098,0x00000000eb000000)
  to   space 1536K, 0% used [0x00000000eb000000,0x00000000eb000000,0x00000000eb180000)
 ParOldGen       total 158720K, used 158318K [0x00000000c0000000, 0x00000000c9b00000, 0x00000000eab00000)
  object space 158720K, 99% used [0x00000000c0000000,0x00000000c9a9b870,0x00000000c9b00000)
 Metaspace       used 57799K, committed 59264K, reserved 1114112K
  class space    used 5947K, committed 6592K, reserved 1048576K
}
Event: 19.177 GC heap before
{Heap before GC invocations=115 (full 3):
 PSYoungGen      total 5120K, used 4712K [0x00000000eab00000, 0x00000000eb180000, 0x0000000100000000)
  eden space 3584K, 100% used [0x00000000eab00000,0x00000000eae80000,0x00000000eae80000)
  from space 1536K, 73% used [0x00000000eae80000,0x00000000eaf9a098,0x00000000eb000000)
  to   space 1536K, 0% used [0x00000000eb000000,0x00000000eb000000,0x00000000eb180000)
 ParOldGen       total 158720K, used 158318K [0x00000000c0000000, 0x00000000c9b00000, 0x00000000eab00000)
  object space 158720K, 99% used [0x00000000c0000000,0x00000000c9a9b870,0x00000000c9b00000)
 Metaspace       used 57811K, committed 59264K, reserved 1114112K
  class space    used 5947K, committed 6592K, reserved 1048576K
}
Event: 19.180 GC heap after
{Heap after GC invocations=115 (full 3):
 PSYoungGen      total 4608K, used 1528K [0x00000000eab00000, 0x00000000eb280000, 0x0000000100000000)
  eden space 3072K, 0% used [0x00000000eab00000,0x00000000eab00000,0x00000000eae00000)
  from space 1536K, 99% used [0x00000000eb000000,0x00000000eb17e190,0x00000000eb180000)
  to   space 2048K, 0% used [0x00000000eae00000,0x00000000eae00000,0x00000000eb000000)
 ParOldGen       total 158720K, used 158638K [0x00000000c0000000, 0x00000000c9b00000, 0x00000000eab00000)
  object space 158720K, 99% used [0x00000000c0000000,0x00000000c9aebb88,0x00000000c9b00000)
 Metaspace       used 57811K, committed 59264K, reserved 1114112K
  class space    used 5947K, committed 6592K, reserved 1048576K
}
Event: 19.197 GC heap before
{Heap before GC invocations=116 (full 3):
 PSYoungGen      total 4608K, used 4600K [0x00000000eab00000, 0x00000000eb280000, 0x0000000100000000)
  eden space 3072K, 100% used [0x00000000eab00000,0x00000000eae00000,0x00000000eae00000)
  from space 1536K, 99% used [0x00000000eb000000,0x00000000eb17e190,0x00000000eb180000)
  to   space 2048K, 0% used [0x00000000eae00000,0x00000000eae00000,0x00000000eb000000)
 ParOldGen       total 158720K, used 158638K [0x00000000c0000000, 0x00000000c9b00000, 0x00000000eab00000)
  object space 158720K, 99% used [0x00000000c0000000,0x00000000c9aebb88,0x00000000c9b00000)
 Metaspace       used 57830K, committed 59264K, reserved 1114112K
  class space    used 5951K, committed 6592K, reserved 1048576K
}
Event: 19.199 GC heap after
{Heap after GC invocations=116 (full 3):
 PSYoungGen      total 4096K, used 722K [0x00000000eab00000, 0x00000000eb100000, 0x0000000100000000)
  eden space 3072K, 0% used [0x00000000eab00000,0x00000000eab00000,0x00000000eae00000)
  from space 1024K, 70% used [0x00000000eae00000,0x00000000eaeb4a10,0x00000000eaf00000)
  to   space 1536K, 0% used [0x00000000eaf80000,0x00000000eaf80000,0x00000000eb100000)
 ParOldGen       total 160256K, used 159993K [0x00000000c0000000, 0x00000000c9c80000, 0x00000000eab00000)
  object space 160256K, 99% used [0x00000000c0000000,0x00000000c9c3e638,0x00000000c9c80000)
 Metaspace       used 57830K, committed 59264K, reserved 1114112K
  class space    used 5951K, committed 6592K, reserved 1048576K
}
Event: 19.221 GC heap before
{Heap before GC invocations=117 (full 3):
 PSYoungGen      total 4096K, used 3794K [0x00000000eab00000, 0x00000000eb100000, 0x0000000100000000)
  eden space 3072K, 100% used [0x00000000eab00000,0x00000000eae00000,0x00000000eae00000)
  from space 1024K, 70% used [0x00000000eae00000,0x00000000eaeb4a10,0x00000000eaf00000)
  to   space 1536K, 0% used [0x00000000eaf80000,0x00000000eaf80000,0x00000000eb100000)
 ParOldGen       total 160256K, used 159993K [0x00000000c0000000, 0x00000000c9c80000, 0x00000000eab00000)
  object space 160256K, 99% used [0x00000000c0000000,0x00000000c9c3e638,0x00000000c9c80000)
 Metaspace       used 57845K, committed 59264K, reserved 1114112K
  class space    used 5954K, committed 6592K, reserved 1048576K
}
Event: 19.223 GC heap after
{Heap after GC invocations=117 (full 3):
 PSYoungGen      total 4096K, used 879K [0x00000000eab00000, 0x00000000eb080000, 0x0000000100000000)
  eden space 3072K, 0% used [0x00000000eab00000,0x00000000eab00000,0x00000000eae00000)
  from space 1024K, 85% used [0x00000000eaf80000,0x00000000eb05bed0,0x00000000eb080000)
  to   space 1024K, 0% used [0x00000000eae00000,0x00000000eae00000,0x00000000eaf00000)
 ParOldGen       total 160768K, used 160625K [0x00000000c0000000, 0x00000000c9d00000, 0x00000000eab00000)
  object space 160768K, 99% used [0x00000000c0000000,0x00000000c9cdc6a0,0x00000000c9d00000)
 Metaspace       used 57845K, committed 59264K, reserved 1114112K
  class space    used 5954K, committed 6592K, reserved 1048576K
}
Event: 19.241 GC heap before
{Heap before GC invocations=118 (full 3):
 PSYoungGen      total 4096K, used 3951K [0x00000000eab00000, 0x00000000eb080000, 0x0000000100000000)
  eden space 3072K, 100% used [0x00000000eab00000,0x00000000eae00000,0x00000000eae00000)
  from space 1024K, 85% used [0x00000000eaf80000,0x00000000eb05bed0,0x00000000eb080000)
  to   space 1024K, 0% used [0x00000000eae00000,0x00000000eae00000,0x00000000eaf00000)
 ParOldGen       total 160768K, used 160625K [0x00000000c0000000, 0x00000000c9d00000, 0x00000000eab00000)
  object space 160768K, 99% used [0x00000000c0000000,0x00000000c9cdc6a0,0x00000000c9d00000)
 Metaspace       used 57853K, committed 59264K, reserved 1114112K
  class space    used 5954K, committed 6592K, reserved 1048576K
}
Event: 19.244 GC heap after
{Heap after GC invocations=118 (full 3):
 PSYoungGen      total 4096K, used 735K [0x00000000eab00000, 0x00000000eb100000, 0x0000000100000000)
  eden space 3072K, 0% used [0x00000000eab00000,0x00000000eab00000,0x00000000eae00000)
  from space 1024K, 71% used [0x00000000eae00000,0x00000000eaeb7c50,0x00000000eaf00000)
  to   space 1024K, 0% used [0x00000000eb000000,0x00000000eb000000,0x00000000eb100000)
 ParOldGen       total 161280K, used 161264K [0x00000000c0000000, 0x00000000c9d80000, 0x00000000eab00000)
  object space 161280K, 99% used [0x00000000c0000000,0x00000000c9d7c2b8,0x00000000c9d80000)
 Metaspace       used 57853K, committed 59264K, reserved 1114112K
  class space    used 5954K, committed 6592K, reserved 1048576K
}
Event: 19.264 GC heap before
{Heap before GC invocations=119 (full 3):
 PSYoungGen      total 4096K, used 3807K [0x00000000eab00000, 0x00000000eb100000, 0x0000000100000000)
  eden space 3072K, 100% used [0x00000000eab00000,0x00000000eae00000,0x00000000eae00000)
  from space 1024K, 71% used [0x00000000eae00000,0x00000000eaeb7c50,0x00000000eaf00000)
  to   space 1024K, 0% used [0x00000000eb000000,0x00000000eb000000,0x00000000eb100000)
 ParOldGen       total 161280K, used 161264K [0x00000000c0000000, 0x00000000c9d80000, 0x00000000eab00000)
  object space 161280K, 99% used [0x00000000c0000000,0x00000000c9d7c2b8,0x00000000c9d80000)
 Metaspace       used 57903K, committed 59328K, reserved 1114112K
  class space    used 5958K, committed 6592K, reserved 1048576K
}
Event: 19.266 GC heap after
{Heap after GC invocations=119 (full 3):
 PSYoungGen      total 5120K, used 751K [0x00000000eab00000, 0x00000000eb100000, 0x0000000100000000)
  eden space 4096K, 0% used [0x00000000eab00000,0x00000000eab00000,0x00000000eaf00000)
  from space 1024K, 73% used [0x00000000eb000000,0x00000000eb0bbdb8,0x00000000eb100000)
  to   space 1024K, 0% used [0x00000000eaf00000,0x00000000eaf00000,0x00000000eb000000)
 ParOldGen       total 162304K, used 161911K [0x00000000c0000000, 0x00000000c9e80000, 0x00000000eab00000)
  object space 162304K, 99% used [0x00000000c0000000,0x00000000c9e1dd38,0x00000000c9e80000)
 Metaspace       used 57903K, committed 59328K, reserved 1114112K
  class space    used 5958K, committed 6592K, reserved 1048576K
}
Event: 19.298 GC heap before
{Heap before GC invocations=120 (full 3):
 PSYoungGen      total 5120K, used 4847K [0x00000000eab00000, 0x00000000eb100000, 0x0000000100000000)
  eden space 4096K, 100% used [0x00000000eab00000,0x00000000eaf00000,0x00000000eaf00000)
  from space 1024K, 73% used [0x00000000eb000000,0x00000000eb0bbdb8,0x00000000eb100000)
  to   space 1024K, 0% used [0x00000000eaf00000,0x00000000eaf00000,0x00000000eb000000)
 ParOldGen       total 162304K, used 161911K [0x00000000c0000000, 0x00000000c9e80000, 0x00000000eab00000)
  object space 162304K, 99% used [0x00000000c0000000,0x00000000c9e1dd38,0x00000000c9e80000)
 Metaspace       used 57988K, committed 59456K, reserved 1114112K
  class space    used 5976K, committed 6656K, reserved 1048576K
}
Event: 19.302 GC heap after
{Heap after GC invocations=120 (full 3):
 PSYoungGen      total 5120K, used 1001K [0x00000000eab00000, 0x00000000eb100000, 0x0000000100000000)
  eden space 4096K, 0% used [0x00000000eab00000,0x00000000eab00000,0x00000000eaf00000)
  from space 1024K, 97% used [0x00000000eaf00000,0x00000000eaffa7a0,0x00000000eb000000)
  to   space 1024K, 0% used [0x00000000eb000000,0x00000000eb000000,0x00000000eb100000)
 ParOldGen       total 162816K, used 162555K [0x00000000c0000000, 0x00000000c9f00000, 0x00000000eab00000)
  object space 162816K, 99% used [0x00000000c0000000,0x00000000c9ebecf0,0x00000000c9f00000)
 Metaspace       used 57988K, committed 59456K, reserved 1114112K
  class space    used 5976K, committed 6656K, reserved 1048576K
}
Event: 19.330 GC heap before
{Heap before GC invocations=121 (full 3):
 PSYoungGen      total 5120K, used 5097K [0x00000000eab00000, 0x00000000eb100000, 0x0000000100000000)
  eden space 4096K, 100% used [0x00000000eab00000,0x00000000eaf00000,0x00000000eaf00000)
  from space 1024K, 97% used [0x00000000eaf00000,0x00000000eaffa7a0,0x00000000eb000000)
  to   space 1024K, 0% used [0x00000000eb000000,0x00000000eb000000,0x00000000eb100000)
 ParOldGen       total 162816K, used 162555K [0x00000000c0000000, 0x00000000c9f00000, 0x00000000eab00000)
  object space 162816K, 99% used [0x00000000c0000000,0x00000000c9ebecf0,0x00000000c9f00000)
 Metaspace       used 58040K, committed 59520K, reserved 1114112K
  class space    used 5983K, committed 6656K, reserved 1048576K
}
Event: 19.337 GC heap after
{Heap after GC invocations=121 (full 3):
 PSYoungGen      total 5120K, used 1018K [0x00000000eab00000, 0x00000000eb100000, 0x0000000100000000)
  eden space 4096K, 0% used [0x00000000eab00000,0x00000000eab00000,0x00000000eaf00000)
  from space 1024K, 99% used [0x00000000eb000000,0x00000000eb0feae0,0x00000000eb100000)
  to   space 1024K, 0% used [0x00000000eaf00000,0x00000000eaf00000,0x00000000eb000000)
 ParOldGen       total 163840K, used 163529K [0x00000000c0000000, 0x00000000ca000000, 0x00000000eab00000)
  object space 163840K, 99% used [0x00000000c0000000,0x00000000c9fb2638,0x00000000ca000000)
 Metaspace       used 58040K, committed 59520K, reserved 1114112K
  class space    used 5983K, committed 6656K, reserved 1048576K
}

