# JRE version: OpenJDK Runtime Environment Temurin-21.0.7+6 (21.0.7+6) (build 21.0.7+6-LTS)
# Java VM: OpenJDK 64-Bit Server VM Temurin-21.0.7+6 (21.0.7+6-LTS, mixed mode, sharing, tiered, compressed oops, compressed class ptrs, parallel gc, windows-amd64)
GC Precious Log:
 CardTable entry size: 512
 CPUs: 8 total, 8 available
 Memory: 7998M
 Large Page Support: Disabled
 NUMA Support: Disabled
 Compressed Oops: Enabled (32-bit)
 Alignments: Space 512K, Generation 512K, Heap 2M
 Heap Min Capacity: 100M
 Heap Initial Capacity: 100M
 Heap Max Capacity: 1G
 Pre-touch: Disabled
 Parallel Workers: 8
Heap:
 PSYoungGen      total 10240K, used 9954K [0x00000000eab00000, 0x00000000eb880000, 0x0000000100000000)
  eden space 8704K, 100% used [0x00000000eab00000,0x00000000eb380000,0x00000000eb380000)
  from space 1536K, 81% used [0x00000000eb700000,0x00000000eb838880,0x00000000eb880000)
  to   space 1536K, 58% used [0x00000000eb580000,0x00000000eb65f4d0,0x00000000eb700000)
 ParOldGen       total 301056K, used 300880K [0x00000000c0000000, 0x00000000d2600000, 0x00000000eab00000)
  object space 301056K, 99% used [0x00000000c0000000,0x00000000d25d41f0,0x00000000d2600000)
 Metaspace       used 63061K, committed 64576K, reserved 1114112K
  class space    used 6547K, committed 7168K, reserved 1048576K
GC Heap History (20 events):
Event: 16.658 GC heap before
{Heap before GC invocations=379 (full 3):
 PSYoungGen      total 4608K, used 4384K [0x00000000eab00000, 0x00000000eb200000, 0x0000000100000000)
  eden space 3072K, 100% used [0x00000000eab00000,0x00000000eae00000,0x00000000eae00000)
  from space 1536K, 85% used [0x00000000eae00000,0x00000000eaf480b8,0x00000000eaf80000)
  to   space 1536K, 0% used [0x00000000eb080000,0x00000000eb080000,0x00000000eb200000)
 ParOldGen       total 281600K, used 281176K [0x00000000c0000000, 0x00000000d1300000, 0x00000000eab00000)
  object space 281600K, 99% used [0x00000000c0000000,0x00000000d1296008,0x00000000d1300000)
 Metaspace       used 62015K, committed 63552K, reserved 1114112K
  class space    used 6475K, committed 7104K, reserved 1048576K
}
Event: 16.661 GC heap after
{Heap after GC invocations=379 (full 3):
 PSYoungGen      total 5632K, used 1266K [0x00000000eab00000, 0x00000000eb200000, 0x0000000100000000)
  eden space 4096K, 0% used [0x00000000eab00000,0x00000000eab00000,0x00000000eaf00000)
  from space 1536K, 82% used [0x00000000eb080000,0x00000000eb1bcb98,0x00000000eb200000)
  to   space 1536K, 0% used [0x00000000eaf00000,0x00000000eaf00000,0x00000000eb080000)
 ParOldGen       total 282624K, used 282380K [0x00000000c0000000, 0x00000000d1400000, 0x00000000eab00000)
  object space 282624K, 99% used [0x00000000c0000000,0x00000000d13c3300,0x00000000d1400000)
 Metaspace       used 62015K, committed 63552K, reserved 1114112K
  class space    used 6475K, committed 7104K, reserved 1048576K
}
Event: 16.670 GC heap before
{Heap before GC invocations=380 (full 3):
 PSYoungGen      total 5632K, used 5362K [0x00000000eab00000, 0x00000000eb200000, 0x0000000100000000)
  eden space 4096K, 100% used [0x00000000eab00000,0x00000000eaf00000,0x00000000eaf00000)
  from space 1536K, 82% used [0x00000000eb080000,0x00000000eb1bcb98,0x00000000eb200000)
  to   space 1536K, 0% used [0x00000000eaf00000,0x00000000eaf00000,0x00000000eb080000)
 ParOldGen       total 282624K, used 282380K [0x00000000c0000000, 0x00000000d1400000, 0x00000000eab00000)
  object space 282624K, 99% used [0x00000000c0000000,0x00000000d13c3300,0x00000000d1400000)
 Metaspace       used 62015K, committed 63552K, reserved 1114112K
  class space    used 6475K, committed 7104K, reserved 1048576K
}
Event: 16.674 GC heap after
{Heap after GC invocations=380 (full 3):
 PSYoungGen      total 5632K, used 1535K [0x00000000eab00000, 0x00000000eb400000, 0x0000000100000000)
  eden space 4096K, 0% used [0x00000000eab00000,0x00000000eab00000,0x00000000eaf00000)
  from space 1536K, 99% used [0x00000000eaf00000,0x00000000eb07ff68,0x00000000eb080000)
  to   space 2048K, 0% used [0x00000000eb200000,0x00000000eb200000,0x00000000eb400000)
 ParOldGen       total 283648K, used 283628K [0x00000000c0000000, 0x00000000d1500000, 0x00000000eab00000)
  object space 283648K, 99% used [0x00000000c0000000,0x00000000d14fb118,0x00000000d1500000)
 Metaspace       used 62015K, committed 63552K, reserved 1114112K
  class space    used 6475K, committed 7104K, reserved 1048576K
}
Event: 16.684 GC heap before
{Heap before GC invocations=381 (full 3):
 PSYoungGen      total 5632K, used 5631K [0x00000000eab00000, 0x00000000eb400000, 0x0000000100000000)
  eden space 4096K, 100% used [0x00000000eab00000,0x00000000eaf00000,0x00000000eaf00000)
  from space 1536K, 99% used [0x00000000eaf00000,0x00000000eb07ff68,0x00000000eb080000)
  to   space 2048K, 0% used [0x00000000eb200000,0x00000000eb200000,0x00000000eb400000)
 ParOldGen       total 283648K, used 283628K [0x00000000c0000000, 0x00000000d1500000, 0x00000000eab00000)
  object space 283648K, 99% used [0x00000000c0000000,0x00000000d14fb118,0x00000000d1500000)
 Metaspace       used 62015K, committed 63552K, reserved 1114112K
  class space    used 6475K, committed 7104K, reserved 1048576K
}
Event: 16.687 GC heap after
{Heap after GC invocations=381 (full 3):
 PSYoungGen      total 7168K, used 1618K [0x00000000eab00000, 0x00000000eb400000, 0x0000000100000000)
  eden space 5120K, 0% used [0x00000000eab00000,0x00000000eab00000,0x00000000eb000000)
  from space 2048K, 79% used [0x00000000eb200000,0x00000000eb394938,0x00000000eb400000)
  to   space 2048K, 0% used [0x00000000eb000000,0x00000000eb000000,0x00000000eb200000)
 ParOldGen       total 285184K, used 285054K [0x00000000c0000000, 0x00000000d1680000, 0x00000000eab00000)
  object space 285184K, 99% used [0x00000000c0000000,0x00000000d165f970,0x00000000d1680000)
 Metaspace       used 62015K, committed 63552K, reserved 1114112K
  class space    used 6475K, committed 7104K, reserved 1048576K
}
Event: 16.698 GC heap before
{Heap before GC invocations=382 (full 3):
 PSYoungGen      total 7168K, used 6738K [0x00000000eab00000, 0x00000000eb400000, 0x0000000100000000)
  eden space 5120K, 100% used [0x00000000eab00000,0x00000000eb000000,0x00000000eb000000)
  from space 2048K, 79% used [0x00000000eb200000,0x00000000eb394938,0x00000000eb400000)
  to   space 2048K, 0% used [0x00000000eb000000,0x00000000eb000000,0x00000000eb200000)
 ParOldGen       total 285184K, used 285054K [0x00000000c0000000, 0x00000000d1680000, 0x00000000eab00000)
  object space 285184K, 99% used [0x00000000c0000000,0x00000000d165f970,0x00000000d1680000)
 Metaspace       used 62030K, committed 63552K, reserved 1114112K
  class space    used 6478K, committed 7104K, reserved 1048576K
}
Event: 16.701 GC heap after
{Heap after GC invocations=382 (full 3):
 PSYoungGen      total 7168K, used 2010K [0x00000000eab00000, 0x00000000eb600000, 0x0000000100000000)
  eden space 5120K, 0% used [0x00000000eab00000,0x00000000eab00000,0x00000000eb000000)
  from space 2048K, 98% used [0x00000000eb000000,0x00000000eb1f6b88,0x00000000eb200000)
  to   space 2560K, 0% used [0x00000000eb380000,0x00000000eb380000,0x00000000eb600000)
 ParOldGen       total 287232K, used 286766K [0x00000000c0000000, 0x00000000d1880000, 0x00000000eab00000)
  object space 287232K, 99% used [0x00000000c0000000,0x00000000d180b848,0x00000000d1880000)
 Metaspace       used 62030K, committed 63552K, reserved 1114112K
  class space    used 6478K, committed 7104K, reserved 1048576K
}
Event: 16.717 GC heap before
{Heap before GC invocations=383 (full 3):
 PSYoungGen      total 7168K, used 7097K [0x00000000eab00000, 0x00000000eb600000, 0x0000000100000000)
  eden space 5120K, 99% used [0x00000000eab00000,0x00000000eaff7900,0x00000000eb000000)
  from space 2048K, 98% used [0x00000000eb000000,0x00000000eb1f6b88,0x00000000eb200000)
  to   space 2560K, 0% used [0x00000000eb380000,0x00000000eb380000,0x00000000eb600000)
 ParOldGen       total 287232K, used 286766K [0x00000000c0000000, 0x00000000d1880000, 0x00000000eab00000)
  object space 287232K, 99% used [0x00000000c0000000,0x00000000d180b848,0x00000000d1880000)
 Metaspace       used 62114K, committed 63680K, reserved 1114112K
  class space    used 6484K, committed 7104K, reserved 1048576K
}
Event: 16.721 GC heap after
{Heap after GC invocations=383 (full 3):
 PSYoungGen      total 8192K, used 1895K [0x00000000eab00000, 0x00000000eb580000, 0x0000000100000000)
  eden space 6144K, 0% used [0x00000000eab00000,0x00000000eab00000,0x00000000eb100000)
  from space 2048K, 92% used [0x00000000eb380000,0x00000000eb559c10,0x00000000eb580000)
  to   space 2048K, 0% used [0x00000000eb180000,0x00000000eb180000,0x00000000eb380000)
 ParOldGen       total 288768K, used 288675K [0x00000000c0000000, 0x00000000d1a00000, 0x00000000eab00000)
  object space 288768K, 99% used [0x00000000c0000000,0x00000000d19e8ea8,0x00000000d1a00000)
 Metaspace       used 62114K, committed 63680K, reserved 1114112K
  class space    used 6484K, committed 7104K, reserved 1048576K
}
Event: 16.734 GC heap before
{Heap before GC invocations=384 (full 3):
 PSYoungGen      total 8192K, used 8039K [0x00000000eab00000, 0x00000000eb580000, 0x0000000100000000)
  eden space 6144K, 100% used [0x00000000eab00000,0x00000000eb100000,0x00000000eb100000)
  from space 2048K, 92% used [0x00000000eb380000,0x00000000eb559c10,0x00000000eb580000)
  to   space 2048K, 0% used [0x00000000eb180000,0x00000000eb180000,0x00000000eb380000)
 ParOldGen       total 288768K, used 288675K [0x00000000c0000000, 0x00000000d1a00000, 0x00000000eab00000)
  object space 288768K, 99% used [0x00000000c0000000,0x00000000d19e8ea8,0x00000000d1a00000)
 Metaspace       used 62209K, committed 63744K, reserved 1114112K
  class space    used 6490K, committed 7104K, reserved 1048576K
}
Event: 16.748 GC heap after
{Heap after GC invocations=384 (full 3):
 PSYoungGen      total 8704K, used 2039K [0x00000000eab00000, 0x00000000ebc80000, 0x0000000100000000)
  eden space 6656K, 0% used [0x00000000eab00000,0x00000000eab00000,0x00000000eb180000)
  from space 2048K, 99% used [0x00000000eb180000,0x00000000eb37dd58,0x00000000eb380000)
  to   space 5120K, 0% used [0x00000000eb780000,0x00000000eb780000,0x00000000ebc80000)
 ParOldGen       total 291328K, used 290918K [0x00000000c0000000, 0x00000000d1c80000, 0x00000000eab00000)
  object space 291328K, 99% used [0x00000000c0000000,0x00000000d1c19820,0x00000000d1c80000)
 Metaspace       used 62209K, committed 63744K, reserved 1114112K
  class space    used 6490K, committed 7104K, reserved 1048576K
}
Event: 16.771 GC heap before
{Heap before GC invocations=385 (full 3):
 PSYoungGen      total 8704K, used 8665K [0x00000000eab00000, 0x00000000ebc80000, 0x0000000100000000)
  eden space 6656K, 99% used [0x00000000eab00000,0x00000000eb1787c8,0x00000000eb180000)
  from space 2048K, 99% used [0x00000000eb180000,0x00000000eb37dd58,0x00000000eb380000)
  to   space 5120K, 0% used [0x00000000eb780000,0x00000000eb780000,0x00000000ebc80000)
 ParOldGen       total 291328K, used 290918K [0x00000000c0000000, 0x00000000d1c80000, 0x00000000eab00000)
  object space 291328K, 99% used [0x00000000c0000000,0x00000000d1c19820,0x00000000d1c80000)
 Metaspace       used 62342K, committed 63872K, reserved 1114112K
  class space    used 6499K, committed 7104K, reserved 1048576K
}
Event: 16.776 GC heap after
{Heap after GC invocations=385 (full 3):
 PSYoungGen      total 11264K, used 2657K [0x00000000eab00000, 0x00000000eba80000, 0x0000000100000000)
  eden space 8192K, 0% used [0x00000000eab00000,0x00000000eab00000,0x00000000eb300000)
  from space 3072K, 86% used [0x00000000eb780000,0x00000000eba18510,0x00000000eba80000)
  to   space 3584K, 0% used [0x00000000eb380000,0x00000000eb380000,0x00000000eb700000)
 ParOldGen       total 292864K, used 292807K [0x00000000c0000000, 0x00000000d1e00000, 0x00000000eab00000)
  object space 292864K, 99% used [0x00000000c0000000,0x00000000d1df1db8,0x00000000d1e00000)
 Metaspace       used 62342K, committed 63872K, reserved 1114112K
  class space    used 6499K, committed 7104K, reserved 1048576K
}
Event: 16.803 GC heap before
{Heap before GC invocations=386 (full 3):
 PSYoungGen      total 11264K, used 10849K [0x00000000eab00000, 0x00000000eba80000, 0x0000000100000000)
  eden space 8192K, 100% used [0x00000000eab00000,0x00000000eb300000,0x00000000eb300000)
  from space 3072K, 86% used [0x00000000eb780000,0x00000000eba18510,0x00000000eba80000)
  to   space 3584K, 0% used [0x00000000eb380000,0x00000000eb380000,0x00000000eb700000)
 ParOldGen       total 292864K, used 292807K [0x00000000c0000000, 0x00000000d1e00000, 0x00000000eab00000)
  object space 292864K, 99% used [0x00000000c0000000,0x00000000d1df1db8,0x00000000d1e00000)
 Metaspace       used 62430K, committed 63936K, reserved 1114112K
  class space    used 6510K, committed 7104K, reserved 1048576K
}
Event: 16.808 GC heap after
{Heap after GC invocations=386 (full 3):
 PSYoungGen      total 12288K, used 2736K [0x00000000eab00000, 0x00000000ebb00000, 0x0000000100000000)
  eden space 8704K, 0% used [0x00000000eab00000,0x00000000eab00000,0x00000000eb380000)
  from space 3584K, 76% used [0x00000000eb380000,0x00000000eb62c1f0,0x00000000eb700000)
  to   space 3072K, 0% used [0x00000000eb800000,0x00000000eb800000,0x00000000ebb00000)
 ParOldGen       total 295424K, used 295268K [0x00000000c0000000, 0x00000000d2080000, 0x00000000eab00000)
  object space 295424K, 99% used [0x00000000c0000000,0x00000000d2059300,0x00000000d2080000)
 Metaspace       used 62430K, committed 63936K, reserved 1114112K
  class space    used 6510K, committed 7104K, reserved 1048576K
}
Event: 16.975 GC heap before
{Heap before GC invocations=387 (full 3):
 PSYoungGen      total 12288K, used 11440K [0x00000000eab00000, 0x00000000ebb00000, 0x0000000100000000)
  eden space 8704K, 100% used [0x00000000eab00000,0x00000000eb380000,0x00000000eb380000)
  from space 3584K, 76% used [0x00000000eb380000,0x00000000eb62c1f0,0x00000000eb700000)
  to   space 3072K, 0% used [0x00000000eb800000,0x00000000eb800000,0x00000000ebb00000)
 ParOldGen       total 295424K, used 295268K [0x00000000c0000000, 0x00000000d2080000, 0x00000000eab00000)
  object space 295424K, 99% used [0x00000000c0000000,0x00000000d2059300,0x00000000d2080000)
 Metaspace       used 62691K, committed 64256K, reserved 1114112K
  class space    used 6519K, committed 7168K, reserved 1048576K
}
Event: 16.980 GC heap after
{Heap after GC invocations=387 (full 3):
 PSYoungGen      total 11264K, used 2121K [0x00000000eab00000, 0x00000000eba80000, 0x0000000100000000)
  eden space 8704K, 0% used [0x00000000eab00000,0x00000000eab00000,0x00000000eb380000)
  from space 2560K, 82% used [0x00000000eb800000,0x00000000eba12608,0x00000000eba80000)
  to   space 2560K, 0% used [0x00000000eb580000,0x00000000eb580000,0x00000000eb800000)
 ParOldGen       total 297984K, used 297840K [0x00000000c0000000, 0x00000000d2300000, 0x00000000eab00000)
  object space 297984K, 99% used [0x00000000c0000000,0x00000000d22dc360,0x00000000d2300000)
 Metaspace       used 62691K, committed 64256K, reserved 1114112K
  class space    used 6519K, committed 7168K, reserved 1048576K
}
Event: 17.103 GC heap before
{Heap before GC invocations=388 (full 3):
 PSYoungGen      total 11264K, used 10825K [0x00000000eab00000, 0x00000000eba80000, 0x0000000100000000)
  eden space 8704K, 100% used [0x00000000eab00000,0x00000000eb380000,0x00000000eb380000)
  from space 2560K, 82% used [0x00000000eb800000,0x00000000eba12608,0x00000000eba80000)
  to   space 2560K, 0% used [0x00000000eb580000,0x00000000eb580000,0x00000000eb800000)
 ParOldGen       total 297984K, used 297840K [0x00000000c0000000, 0x00000000d2300000, 0x00000000eab00000)
  object space 297984K, 99% used [0x00000000c0000000,0x00000000d22dc360,0x00000000d2300000)
 Metaspace       used 62700K, committed 64256K, reserved 1114112K
  class space    used 6520K, committed 7168K, reserved 1048576K
}
Event: 17.108 GC heap after
{Heap after GC invocations=388 (full 3):
 PSYoungGen      total 9728K, used 832K [0x00000000eab00000, 0x00000000eb880000, 0x0000000100000000)
  eden space 8704K, 0% used [0x00000000eab00000,0x00000000eab00000,0x00000000eb380000)
  from space 1024K, 81% used [0x00000000eb580000,0x00000000eb6500b8,0x00000000eb680000)
  to   space 1536K, 0% used [0x00000000eb700000,0x00000000eb700000,0x00000000eb880000)
 ParOldGen       total 300032K, used 299752K [0x00000000c0000000, 0x00000000d2500000, 0x00000000eab00000)
  object space 300032K, 99% used [0x00000000c0000000,0x00000000d24ba1a8,0x00000000d2500000)
 Metaspace       used 62700K, committed 64256K, reserved 1114112K
  class space    used 6520K, committed 7168K, reserved 1048576K
}

